Using pre-set license
Built from '2021.3/release' branch; Version is '2021.3.17f1 (3e8111cac19d) revision 4096273'; Using compiler version '192829333'; Build Type 'Release'
OS: 'Windows 11  (10.0.22621) 64bit Core' Language: 'en' Physical Memory: 15724 MB
BatchMode: 1, IsHumanControllingUs: 0, StartBugReporterOnCrash: 0, Is64bit: 1, IsPro: 1

COMMAND LINE ARGUMENTS:
C:\Program Files\Unity\Hub\Editor\2021.3.17f1\Editor\Unity.exe
-adb2
-batchMode
-noUpm
-name
AssetImportWorker0
-projectPath
C:/Users/danma/OneDrive - Atlantic TU/y1 second semester/web design/webdesign repo/CA2/CA2
-logFile
Logs/AssetImportWorker0.log
-srvPort
64162
Successfully changed project path to: C:/Users/danma/OneDrive - Atlantic TU/y1 second semester/web design/webdesign repo/CA2/CA2
C:/Users/danma/OneDrive - Atlantic TU/y1 second semester/web design/webdesign repo/CA2/CA2
[UnityMemory] Configuration Parameters - Can be set up in boot.config
    "memorysetup-bucket-allocator-granularity=16"
    "memorysetup-bucket-allocator-bucket-count=8"
    "memorysetup-bucket-allocator-block-size=33554432"
    "memorysetup-bucket-allocator-block-count=8"
    "memorysetup-main-allocator-block-size=16777216"
    "memorysetup-thread-allocator-block-size=16777216"
    "memorysetup-gfx-main-allocator-block-size=16777216"
    "memorysetup-gfx-thread-allocator-block-size=16777216"
    "memorysetup-cache-allocator-block-size=4194304"
    "memorysetup-typetree-allocator-block-size=2097152"
    "memorysetup-profiler-bucket-allocator-granularity=16"
    "memorysetup-profiler-bucket-allocator-bucket-count=8"
    "memorysetup-profiler-bucket-allocator-block-size=33554432"
    "memorysetup-profiler-bucket-allocator-block-count=8"
    "memorysetup-profiler-allocator-block-size=16777216"
    "memorysetup-profiler-editor-allocator-block-size=1048576"
    "memorysetup-temp-allocator-size-main=16777216"
    "memorysetup-job-temp-allocator-block-size=2097152"
    "memorysetup-job-temp-allocator-block-size-background=1048576"
    "memorysetup-job-temp-allocator-reduction-small-platforms=262144"
    "memorysetup-temp-allocator-size-background-worker=32768"
    "memorysetup-temp-allocator-size-job-worker=262144"
    "memorysetup-temp-allocator-size-preload-manager=33554432"
    "memorysetup-temp-allocator-size-nav-mesh-worker=65536"
    "memorysetup-temp-allocator-size-audio-worker=65536"
    "memorysetup-temp-allocator-size-cloud-worker=32768"
    "memorysetup-temp-allocator-size-gi-baking-worker=262144"
    "memorysetup-temp-allocator-size-gfx=262144"
Player connection [42828] Host "[IP] 192.168.0.219 [Port] 0 [Flags] 2 [Guid] 1687858125 [EditorId] 1687858125 [Version] 1048832 [Id] WindowsEditor(7,dank) [Debug] 1 [PackageName] WindowsEditor [ProjectName] Editor" joined multi-casting on [225.0.0.222:54997]...

Player connection [42828] Host "[IP] 192.168.0.219 [Port] 0 [Flags] 2 [Guid] 1687858125 [EditorId] 1687858125 [Version] 1048832 [Id] WindowsEditor(7,dank) [Debug] 1 [PackageName] WindowsEditor [ProjectName] Editor" joined alternative multi-casting on [225.0.0.222:34997]...

Multiple plugins with the same name 'boundedbiharmonicweightsmodule' (found at 'Packages/com.unity.2d.animation/Editor/SkinningModule/Lib/x64/BoundedBiharmonicWeightsModule.dll' and 'Assets/sprites/Editor/SkinningModule/Lib/x64/BoundedBiharmonicWeightsModule.dll'). That means one or more plugins are set to be compatible with Editor. Only one plugin at the time can be used by Editor.
Refreshing native plugins compatible for Editor in 127.48 ms, found 4 plugins.
Preloading 0 native plugins for Editor in 0.00 ms.
Initialize engine version: 2021.3.17f1 (3e8111cac19d)
[Subsystems] Discovering subsystems at path C:/Program Files/Unity/Hub/Editor/2021.3.17f1/Editor/Data/Resources/UnitySubsystems
[Subsystems] Discovering subsystems at path C:/Users/danma/OneDrive - Atlantic TU/y1 second semester/web design/webdesign repo/CA2/CA2/Assets
GfxDevice: creating device client; threaded=0; jobified=0
Direct3D:
    Version:  Direct3D 11.0 [level 11.1]
    Renderer: NVIDIA GeForce RTX 3070 Laptop GPU (ID=0x249d)
    Vendor:   NVIDIA
    VRAM:     8033 MB
    Driver:   31.0.15.2698
Initialize mono
Mono path[0] = 'C:/Program Files/Unity/Hub/Editor/2021.3.17f1/Editor/Data/Managed'
Mono path[1] = 'C:/Program Files/Unity/Hub/Editor/2021.3.17f1/Editor/Data/MonoBleedingEdge/lib/mono/unityjit-win32'
Mono config path = 'C:/Program Files/Unity/Hub/Editor/2021.3.17f1/Editor/Data/MonoBleedingEdge/etc'
Using monoOptions --debugger-agent=transport=dt_socket,embedding=1,server=y,suspend=n,address=127.0.0.1:56712
Begin MonoManager ReloadAssembly
Registering precompiled unity dll's ...
Register platform support module: C:/Program Files/Unity/Hub/Editor/2021.3.17f1/Editor/Data/PlaybackEngines/WebGLSupport/UnityEditor.WebGL.Extensions.dll
Register platform support module: C:/Program Files/Unity/Hub/Editor/2021.3.17f1/Editor/Data/PlaybackEngines/WindowsStandaloneSupport/UnityEditor.WindowsStandalone.Extensions.dll
Registered in 0.008773 seconds.
Native extension for WindowsStandalone target not found
Native extension for WebGL target not found
Multiple plugins with the same name 'boundedbiharmonicweightsmodule' (found at 'Packages/com.unity.2d.animation/Editor/SkinningModule/Lib/x64/BoundedBiharmonicWeightsModule.dll' and 'Assets/sprites/Editor/SkinningModule/Lib/x64/BoundedBiharmonicWeightsModule.dll'). That means one or more plugins are set to be compatible with Editor. Only one plugin at the time can be used by Editor.
Refreshing native plugins compatible for Editor in 88.86 ms, found 4 plugins.
Preloading 0 native plugins for Editor in 0.00 ms.
Mono: successfully reloaded assembly
- Completed reload, in  0.767 seconds
Domain Reload Profiling:
	ReloadAssembly (767ms)
		BeginReloadAssembly (110ms)
			ExecutionOrderSort (0ms)
			DisableScriptedObjects (0ms)
			BackupInstance (0ms)
			ReleaseScriptingObjects (0ms)
			CreateAndSetChildDomain (1ms)
		EndReloadAssembly (522ms)
			LoadAssemblies (108ms)
			RebuildTransferFunctionScriptingTraits (0ms)
			SetupTypeCache (150ms)
			ReleaseScriptCaches (0ms)
			RebuildScriptCaches (23ms)
			SetupLoadedEditorAssemblies (290ms)
				LogAssemblyErrors (0ms)
				InitializePlatformSupportModulesInManaged (8ms)
				SetLoadedEditorAssemblies (0ms)
				RefreshPlugins (89ms)
				BeforeProcessingInitializeOnLoad (1ms)
				ProcessInitializeOnLoadAttributes (147ms)
				ProcessInitializeOnLoadMethodAttributes (44ms)
				AfterProcessingInitializeOnLoad (0ms)
				EditorAssembliesLoaded (0ms)
			ExecutionOrderSort2 (0ms)
			AwakeInstancesAfterBackupRestoration (0ms)
Platform modules already initialized, skipping
Registering precompiled user dll's ...
Registered in 0.010945 seconds.
Assembly with name 'Unity.2D.Animation.Editor' already exists (Assets/sprites/Editor/Unity.2D.Animation.Editor.asmdef)
Assembly with name 'Unity.2D.Animation.Editor' already exists (Packages/com.unity.2d.animation/Editor/Unity.2D.Animation.Editor.asmdef)
Assembly with name 'Unity.2D.Animation.Editor' already exists (Assets/sprites/Editor/Unity.2D.Animation.Editor.asmdef)
Assembly with name 'Unity.2D.Animation.Editor' already exists (Packages/com.unity.2d.animation/Editor/Unity.2D.Animation.Editor.asmdef)
Begin MonoManager ReloadAssembly
Symbol file LoadedFromMemory doesn't match image C:\Users\danma\OneDrive - Atlantic TU\y1 second semester\web design\webdesign repo\CA2\CA2\Library\PackageCache\com.unity.visualscripting@1.8.0\Editor\VisualScripting.Core\Dependencies\YamlDotNet\Unity.VisualScripting.YamlDotNet.dll
Symbol file LoadedFromMemory doesn't match image C:\Users\danma\OneDrive - Atlantic TU\y1 second semester\web design\webdesign repo\CA2\CA2\Library\PackageCache\com.unity.visualscripting@1.8.0\Editor\VisualScripting.Core\Dependencies\DotNetZip\Unity.VisualScripting.IonicZip.dll
Native extension for WindowsStandalone target not found
Native extension for WebGL target not found
Multiple plugins with the same name 'boundedbiharmonicweightsmodule' (found at 'Packages/com.unity.2d.animation/Editor/SkinningModule/Lib/x64/BoundedBiharmonicWeightsModule.dll' and 'Assets/sprites/Editor/SkinningModule/Lib/x64/BoundedBiharmonicWeightsModule.dll'). That means one or more plugins are set to be compatible with Editor. Only one plugin at the time can be used by Editor.
Refreshing native plugins compatible for Editor in 1.01 ms, found 4 plugins.
Preloading 0 native plugins for Editor in 0.00 ms.
Assembly with name 'Unity.2D.Animation.Editor' already exists (Assets/sprites/Editor/Unity.2D.Animation.Editor.asmdef)
Assembly with name 'Unity.2D.Animation.Editor' already exists (Packages/com.unity.2d.animation/Editor/Unity.2D.Animation.Editor.asmdef)
Mono: successfully reloaded assembly
- Completed reload, in  0.663 seconds
Domain Reload Profiling:
	ReloadAssembly (663ms)
		BeginReloadAssembly (96ms)
			ExecutionOrderSort (0ms)
			DisableScriptedObjects (5ms)
			BackupInstance (0ms)
			ReleaseScriptingObjects (0ms)
			CreateAndSetChildDomain (18ms)
		EndReloadAssembly (462ms)
			LoadAssemblies (60ms)
			RebuildTransferFunctionScriptingTraits (0ms)
			SetupTypeCache (125ms)
			ReleaseScriptCaches (1ms)
			RebuildScriptCaches (23ms)
			SetupLoadedEditorAssemblies (224ms)
				LogAssemblyErrors (0ms)
				InitializePlatformSupportModulesInManaged (6ms)
				SetLoadedEditorAssemblies (0ms)
				RefreshPlugins (1ms)
				BeforeProcessingInitializeOnLoad (103ms)
				ProcessInitializeOnLoadAttributes (90ms)
				ProcessInitializeOnLoadMethodAttributes (15ms)
				AfterProcessingInitializeOnLoad (8ms)
				EditorAssembliesLoaded (0ms)
			ExecutionOrderSort2 (0ms)
			AwakeInstancesAfterBackupRestoration (6ms)
Platform modules already initialized, skipping
========================================================================
Worker process is ready to serve import requests
Launched and connected shader compiler UnityShaderCompiler.exe after 0.06 seconds
Multiple plugins with the same name 'boundedbiharmonicweightsmodule' (found at 'Packages/com.unity.2d.animation/Editor/SkinningModule/Lib/x64/BoundedBiharmonicWeightsModule.dll' and 'Assets/sprites/Editor/SkinningModule/Lib/x64/BoundedBiharmonicWeightsModule.dll'). That means one or more plugins are set to be compatible with Editor. Only one plugin at the time can be used by Editor.
Refreshing native plugins compatible for Editor in 1.03 ms, found 4 plugins.
Preloading 0 native plugins for Editor in 0.00 ms.
Unloading 4242 Unused Serialized files (Serialized files now loaded: 0)
Unloading 30 unused Assets / (56.5 KB). Loaded Objects now: 4684.
Memory consumption went from 157.0 MB to 157.0 MB.
Total: 2.982500 ms (FindLiveObjects: 0.338000 ms CreateObjectMapping: 0.137200 ms MarkObjects: 2.420300 ms  DeleteObjects: 0.086000 ms)

AssetImportParameters requested are different than current active one (requested -> active):
  custom:video-decoder-ogg-theora: a1e56fd34408186e4bbccfd4996cb3dc -> 
  custom:container-muxer-webm: aa71ff27fc2769a1b78a27578f13a17b -> 
  custom:container-demuxer-webm: 4f35f7cbe854078d1ac9338744f61a02 -> 
  custom:video-encoder-webm-vp8: eb34c28f22e8b96e1ab97ce403110664 -> 
  custom:audio-encoder-webm-vorbis: bf7c407c2cedff20999df2af8eb42d56 -> 
  custom:framework-win-MediaFoundation: 216162199b28c13a410421893ffa2e32 -> 
  custom:container-demuxer-ogg: 62fdf1f143b41e24485cea50d1cbac27 -> 
  custom:video-decoder-webm-vp8: 9c59270c3fd7afecdb556c50c9e8de78 -> 
  custom:audio-decoder-ogg-vorbis: bf7c407c2cedff20999df2af8eb42d56 -> 
========================================================================
Received Import Request.
  Time since last request: 387828.348635 seconds.
  path: Assets/prefabs/zombie_explosion.png
  artifactKey: Guid(900c60b0dea059946b665089c62a55ad) Importer(815301076,1909f56bfc062723c751e8b465ee728b)
Start importing Assets/prefabs/zombie_explosion.png using Guid(900c60b0dea059946b665089c62a55ad) Importer(815301076,1909f56bfc062723c751e8b465ee728b)  -> (artifact id: 'd5cce74862d5a0ec7989f84bbdfb7859') in 0.135551 seconds 
========================================================================
Received Import Request.
  Time since last request: 0.000038 seconds.
  path: Assets/prefabs/Zombie.prefab
  artifactKey: Guid(35a8e1eb8a430d6448a7a2d196c1405c) Importer(815301076,1909f56bfc062723c751e8b465ee728b)
Start importing Assets/prefabs/Zombie.prefab using Guid(35a8e1eb8a430d6448a7a2d196c1405c) Importer(815301076,1909f56bfc062723c751e8b465ee728b)  -> (artifact id: 'f63ab74ec1a51fbd755a53d803d02033') in 0.040658 seconds 
========================================================================
Received Import Request.
  Time since last request: 58.669197 seconds.
  path: Assets/New Animation.anim
  artifactKey: Guid(93f5aa5ca17cf6f4290a95e85a5e1b6c) Importer(815301076,1909f56bfc062723c751e8b465ee728b)
Start importing Assets/New Animation.anim using Guid(93f5aa5ca17cf6f4290a95e85a5e1b6c) Importer(815301076,1909f56bfc062723c751e8b465ee728b)  -> (artifact id: 'd37ec58695114cd88f6f91ec844903ee') in 0.004606 seconds 
========================================================================
Received Import Request.
  Time since last request: 0.560725 seconds.
  path: Assets/zombie_explosion_3.controller
  artifactKey: Guid(657f683d3cda2df4296bb7a3609b357c) Importer(815301076,1909f56bfc062723c751e8b465ee728b)
Start importing Assets/zombie_explosion_3.controller using Guid(657f683d3cda2df4296bb7a3609b357c) Importer(815301076,1909f56bfc062723c751e8b465ee728b)  -> (artifact id: 'dfe848183060d7924ea45ccea37abbc2') in 0.005595 seconds 
